Added Component: Designator=D1(LED-1)
Add component. Clean all parameters for all variants
Add component (AddParameter): Name = "LatestRevisionDate"; Value = "08-Jul-2005"; VariantName = "[No Variations]"
Add component (AddParameter): Name = "LatestRevisionNote"; Value = "Mech Layer 1 removed."; VariantName = "[No Variations]"
Add component (AddParameter): Name = "PackageDescription"; Value = "LED; 2 Leads"; VariantName = "[No Variations]"
Add component (AddParameter): Name = "PackageReference"; Value = "LED-1"; VariantName = "[No Variations]"
Add component (AddParameter): Name = "Published"; Value = "8-Jun-2000"; VariantName = "[No Variations]"
Add component (AddParameter): Name = "Publisher"; Value = "Altium Limited"; VariantName = "[No Variations]"
Added Component: Designator=P1(HDR1X6)
Add component. Clean all parameters for all variants
Add component (AddParameter): Name = "LatestRevisionDate"; Value = "17-Jul-2002"; VariantName = "[No Variations]"
Add component (AddParameter): Name = "LatestRevisionNote"; Value = "Re-released for DXP Platform."; VariantName = "[No Variations]"
Add component (AddParameter): Name = "Publisher"; Value = "Altium Limited"; VariantName = "[No Variations]"
Added Component: Designator=R1(AXIAL-0.3)
Add component. Clean all parameters for all variants
Add component (AddParameter): Name = "LatestRevisionDate"; Value = "17-Jul-2002"; VariantName = "[No Variations]"
Add component (AddParameter): Name = "LatestRevisionNote"; Value = "Re-released for DXP Platform."; VariantName = "[No Variations]"
Add component (AddParameter): Name = "PackageDescription"; Value = "Axial Device, Thru-Hole; 2 Leads; 0.3 in Pin Spacing"; VariantName = "[No Variations]"
Add component (AddParameter): Name = "PackageReference"; Value = "AXIAL-0.3"; VariantName = "[No Variations]"
Add component (AddParameter): Name = "Published"; Value = "8-Jun-2000"; VariantName = "[No Variations]"
Add component (AddParameter): Name = "Publisher"; Value = "Altium Limited"; VariantName = "[No Variations]"
Add component (AddParameter): Name = "Value"; Value = "1K"; VariantName = "[No Variations]"
Added Component: Designator=U1(TSOP95P280X145-6N)
Add component. Clean all parameters for all variants
Added Pin To Net: NetName=GND Pin=D1-2
Added Pin To Net: NetName=GND Pin=P1-5
Added Pin To Net: NetName=GND Pin=P1-6
Added Pin To Net: NetName=GND Pin=U1-2
Added Net: Name=GND
Added Pin To Net: NetName=NetD1_1 Pin=D1-1
Added Pin To Net: NetName=NetD1_1 Pin=R1-1
Added Net: Name=NetD1_1
Added Pin To Net: NetName=ON Pin=P1-2
Added Pin To Net: NetName=ON Pin=U1-6
Added Net: Name=ON
Added Pin To Net: NetName=VBIAS Pin=P1-3
Added Pin To Net: NetName=VBIAS Pin=U1-5
Added Net: Name=VBIAS
Added Pin To Net: NetName=VIN Pin=P1-4
Added Pin To Net: NetName=VIN Pin=U1-4
Added Net: Name=VIN
Added Pin To Net: NetName=VOUT Pin=P1-1
Added Pin To Net: NetName=VOUT Pin=R1-2
Added Pin To Net: NetName=VOUT Pin=U1-1
Added Net: Name=VOUT
Added Class: Name=Another_flashlight
Added Room: Name=Another_flashlight
